<?xml version="1.0" encoding="UTF-8"?>
<testsuite name="ynzmz.server.ServerApplicationTests" tests="1" skipped="0" failures="0" errors="0" timestamp="2023-03-16T06:34:23" hostname="gimminhoui-MacBookPro.local" time="0.056">
  <properties/>
  <testcase name="contextLoads()" classname="ynzmz.server.ServerApplicationTests" time="0.056"/>
  <system-out><![CDATA[15:34:19.231 [Test worker] DEBUG org.springframework.test.context.BootstrapUtils - Instantiating CacheAwareContextLoaderDelegate from class [org.springframework.test.context.cache.DefaultCacheAwareContextLoaderDelegate]
15:34:19.237 [Test worker] DEBUG org.springframework.test.context.BootstrapUtils - Instantiating BootstrapContext using constructor [public org.springframework.test.context.support.DefaultBootstrapContext(java.lang.Class,org.springframework.test.context.CacheAwareContextLoaderDelegate)]
15:34:19.257 [Test worker] DEBUG org.springframework.test.context.BootstrapUtils - Instantiating TestContextBootstrapper for test class [ynzmz.server.ServerApplicationTests] from class [org.springframework.boot.test.context.SpringBootTestContextBootstrapper]
15:34:19.263 [Test worker] INFO org.springframework.boot.test.context.SpringBootTestContextBootstrapper - Neither @ContextConfiguration nor @ContextHierarchy found for test class [ynzmz.server.ServerApplicationTests], using SpringBootContextLoader
15:34:19.265 [Test worker] DEBUG org.springframework.test.context.support.AbstractContextLoader - Did not detect default resource location for test class [ynzmz.server.ServerApplicationTests]: class path resource [ynzmz/server/ServerApplicationTests-context.xml] does not exist
15:34:19.266 [Test worker] DEBUG org.springframework.test.context.support.AbstractContextLoader - Did not detect default resource location for test class [ynzmz.server.ServerApplicationTests]: class path resource [ynzmz/server/ServerApplicationTestsContext.groovy] does not exist
15:34:19.266 [Test worker] INFO org.springframework.test.context.support.AbstractContextLoader - Could not detect default resource locations for test class [ynzmz.server.ServerApplicationTests]: no resource found for suffixes {-context.xml, Context.groovy}.
15:34:19.266 [Test worker] INFO org.springframework.test.context.support.AnnotationConfigContextLoaderUtils - Could not detect default configuration classes for test class [ynzmz.server.ServerApplicationTests]: ServerApplicationTests does not declare any static, non-private, non-final, nested classes annotated with @Configuration.
15:34:19.287 [Test worker] DEBUG org.springframework.test.context.support.ActiveProfilesUtils - Could not find an 'annotation declaring class' for annotation type [org.springframework.test.context.ActiveProfiles] and class [ynzmz.server.ServerApplicationTests]
15:34:19.316 [Test worker] DEBUG org.springframework.context.annotation.ClassPathScanningCandidateComponentProvider - Identified candidate component class: file [/Users/mino/codestates/seb42_main_027/server/build/classes/java/main/ynzmz/server/ServerApplication.class]
15:34:19.323 [Test worker] INFO org.springframework.boot.test.context.SpringBootTestContextBootstrapper - Found @SpringBootConfiguration ynzmz.server.ServerApplication for test class ynzmz.server.ServerApplicationTests
15:34:19.388 [Test worker] DEBUG org.springframework.boot.test.context.SpringBootTestContextBootstrapper - @TestExecutionListeners is not present for class [ynzmz.server.ServerApplicationTests]: using defaults.
15:34:19.389 [Test worker] INFO org.springframework.boot.test.context.SpringBootTestContextBootstrapper - Loaded default TestExecutionListener class names from location [META-INF/spring.factories]: [org.springframework.security.test.context.support.WithSecurityContextTestExecutionListener, org.springframework.security.test.context.support.ReactorContextTestExecutionListener, org.springframework.boot.test.autoconfigure.restdocs.RestDocsTestExecutionListener, org.springframework.boot.test.autoconfigure.web.client.MockRestServiceServerResetTestExecutionListener, org.springframework.boot.test.autoconfigure.web.servlet.MockMvcPrintOnlyOnFailureTestExecutionListener, org.springframework.boot.test.autoconfigure.web.servlet.WebDriverTestExecutionListener, org.springframework.boot.test.autoconfigure.webservices.client.MockWebServiceServerTestExecutionListener, org.springframework.boot.test.mock.mockito.MockitoTestExecutionListener, org.springframework.boot.test.mock.mockito.ResetMocksTestExecutionListener, org.springframework.test.context.web.ServletTestExecutionListener, org.springframework.test.context.support.DirtiesContextBeforeModesTestExecutionListener, org.springframework.test.context.event.ApplicationEventsTestExecutionListener, org.springframework.test.context.support.DependencyInjectionTestExecutionListener, org.springframework.test.context.support.DirtiesContextTestExecutionListener, org.springframework.test.context.transaction.TransactionalTestExecutionListener, org.springframework.test.context.jdbc.SqlScriptsTestExecutionListener, org.springframework.test.context.event.EventPublishingTestExecutionListener]
15:34:19.400 [Test worker] INFO org.springframework.boot.test.context.SpringBootTestContextBootstrapper - Using TestExecutionListeners: [org.springframework.test.context.web.ServletTestExecutionListener@5fa47fea, org.springframework.test.context.support.DirtiesContextBeforeModesTestExecutionListener@2392212b, org.springframework.test.context.event.ApplicationEventsTestExecutionListener@5b43e173, org.springframework.boot.test.mock.mockito.MockitoTestExecutionListener@28f8e165, org.springframework.boot.test.autoconfigure.SpringBootDependencyInjectionTestExecutionListener@545f80bf, org.springframework.test.context.support.DirtiesContextTestExecutionListener@66f66866, org.springframework.test.context.transaction.TransactionalTestExecutionListener@22fa55b2, org.springframework.test.context.jdbc.SqlScriptsTestExecutionListener@4d666b41, org.springframework.security.test.context.support.WithSecurityContextTestExecutionListener@6594402a, org.springframework.test.context.event.EventPublishingTestExecutionListener@30f4b1a6, org.springframework.security.test.context.support.ReactorContextTestExecutionListener@405325cf, org.springframework.boot.test.autoconfigure.restdocs.RestDocsTestExecutionListener@3e1162e7, org.springframework.boot.test.autoconfigure.web.client.MockRestServiceServerResetTestExecutionListener@79c3f01f, org.springframework.boot.test.autoconfigure.web.servlet.MockMvcPrintOnlyOnFailureTestExecutionListener@6c2f1700, org.springframework.boot.test.autoconfigure.web.servlet.WebDriverTestExecutionListener@350b3a17, org.springframework.boot.test.autoconfigure.webservices.client.MockWebServiceServerTestExecutionListener@38600b, org.springframework.boot.test.mock.mockito.ResetMocksTestExecutionListener@669d2b1b]
15:34:19.402 [Test worker] DEBUG org.springframework.test.context.support.AbstractDirtiesContextTestExecutionListener - Before test class: context [DefaultTestContext@742d4e15 testClass = ServerApplicationTests, testInstance = [null], testMethod = [null], testException = [null], mergedContextConfiguration = [WebMergedContextConfiguration@88a8218 testClass = ServerApplicationTests, locations = '{}', classes = '{class ynzmz.server.ServerApplication}', contextInitializerClasses = '[]', activeProfiles = '{}', propertySourceLocations = '{}', propertySourceProperties = '{org.springframework.boot.test.context.SpringBootTestContextBootstrapper=true}', contextCustomizers = set[org.springframework.boot.test.autoconfigure.actuate.metrics.MetricsExportContextCustomizerFactory$DisableMetricExportContextCustomizer@1c55f277, org.springframework.boot.test.autoconfigure.properties.PropertyMappingContextCustomizer@0, org.springframework.boot.test.autoconfigure.web.servlet.WebDriverContextCustomizerFactory$Customizer@71ae31b0, org.springframework.boot.test.context.filter.ExcludeFilterContextCustomizer@2c104774, org.springframework.boot.test.json.DuplicateJsonObjectContextCustomizerFactory$DuplicateJsonObjectContextCustomizer@5860f3d7, org.springframework.boot.test.mock.mockito.MockitoContextCustomizer@0, org.springframework.boot.test.web.client.TestRestTemplateContextCustomizer@46f699d5, org.springframework.boot.test.context.SpringBootTestArgs@1, org.springframework.boot.test.context.SpringBootTestWebEnvironment@1787f2a0], resourceBasePath = 'src/main/webapp', contextLoader = 'org.springframework.boot.test.context.SpringBootContextLoader', parent = [null]], attributes = map['org.springframework.test.context.web.ServletTestExecutionListener.activateListener' -> true]], class annotated with @DirtiesContext [false] with mode [null].

  .   ____          _            __ _ _
 /\\ / ___'_ __ _ _(_)_ __  __ _ \ \ \ \
( ( )\___ | '_ | '_| | '_ \/ _` | \ \ \ \
 \\/  ___)| |_)| | | | | || (_| |  ) ) ) )
  '  |____| .__|_| |_|_| |_\__, | / / / /
 =========|_|==============|___/=/_/_/_/
 :: Spring Boot ::                (v2.7.9)

2023-03-16 15:34:19.623  INFO 15988 --- [    Test worker] ynzmz.server.ServerApplicationTests      : Starting ServerApplicationTests using Java 11.0.17 on gimminhoui-MacBookPro.local with PID 15988 (started by mino in /Users/mino/codestates/seb42_main_027/server)
2023-03-16 15:34:19.624  INFO 15988 --- [    Test worker] ynzmz.server.ServerApplicationTests      : The following 1 profile is active: "server"
2023-03-16 15:34:20.024  INFO 15988 --- [    Test worker] .s.d.r.c.RepositoryConfigurationDelegate : Bootstrapping Spring Data JPA repositories in DEFAULT mode.
2023-03-16 15:34:20.088  INFO 15988 --- [    Test worker] .s.d.r.c.RepositoryConfigurationDelegate : Finished Spring Data repository scanning in 58 ms. Found 17 JPA repository interfaces.
2023-03-16 15:34:20.419  INFO 15988 --- [    Test worker] o.hibernate.jpa.internal.util.LogHelper  : HHH000204: Processing PersistenceUnitInfo [name: default]
2023-03-16 15:34:20.456  INFO 15988 --- [    Test worker] org.hibernate.Version                    : HHH000412: Hibernate ORM core version 5.6.15.Final
2023-03-16 15:34:20.564  INFO 15988 --- [    Test worker] o.hibernate.annotations.common.Version   : HCANN000001: Hibernate Commons Annotations {5.1.2.Final}
2023-03-16 15:34:20.625  INFO 15988 --- [    Test worker] com.zaxxer.hikari.HikariDataSource       : HikariPool-1 - Starting...
2023-03-16 15:34:20.999  INFO 15988 --- [    Test worker] com.zaxxer.hikari.HikariDataSource       : HikariPool-1 - Start completed.
2023-03-16 15:34:21.020  INFO 15988 --- [    Test worker] org.hibernate.dialect.Dialect            : HHH000400: Using dialect: org.hibernate.dialect.MySQL8Dialect
2023-03-16 15:34:22.413  INFO 15988 --- [    Test worker] o.h.e.t.j.p.i.JtaPlatformInitiator       : HHH000490: Using JtaPlatform implementation: [org.hibernate.engine.transaction.jta.platform.internal.NoJtaPlatform]
2023-03-16 15:34:22.421  INFO 15988 --- [    Test worker] j.LocalContainerEntityManagerFactoryBean : Initialized JPA EntityManagerFactory for persistence unit 'default'
2023-03-16 15:34:23.156  INFO 15988 --- [    Test worker] o.s.s.web.DefaultSecurityFilterChain     : Will secure any request with [org.springframework.security.web.session.DisableEncodeUrlFilter@2060df8, org.springframework.security.web.context.request.async.WebAsyncManagerIntegrationFilter@5e38329d, org.springframework.security.web.context.SecurityContextPersistenceFilter@506d7fed, org.springframework.security.web.header.HeaderWriterFilter@480fb706, org.springframework.web.filter.CorsFilter@2db82155, org.springframework.web.filter.CorsFilter@2db82155, org.springframework.security.web.authentication.logout.LogoutFilter@409df37d, ynzmz.server.security.auths.filter.JwtAuthenticationFilter@60be9fdf, ynzmz.server.security.auths.filter.JwtVerificationFilter@7d816d32, org.springframework.security.web.savedrequest.RequestCacheAwareFilter@1e3689e7, org.springframework.security.web.servletapi.SecurityContextHolderAwareRequestFilter@259f0fdb, org.springframework.security.web.authentication.AnonymousAuthenticationFilter@4f5ad6b7, org.springframework.security.web.session.SessionManagementFilter@251db193, org.springframework.security.web.access.ExceptionTranslationFilter@462deb2b, org.springframework.security.web.access.intercept.FilterSecurityInterceptor@54c1878b]
2023-03-16 15:34:23.285  WARN 15988 --- [    Test worker] JpaBaseConfiguration$JpaWebConfiguration : spring.jpa.open-in-view is enabled by default. Therefore, database queries may be performed during view rendering. Explicitly configure spring.jpa.open-in-view to disable this warning
2023-03-16 15:34:23.724  INFO 15988 --- [    Test worker] ynzmz.server.ServerApplicationTests      : Started ServerApplicationTests in 4.302 seconds (JVM running for 5.058)
]]></system-out>
  <system-err><![CDATA[]]></system-err>
</testsuite>
