<?xml version="1.0" encoding="UTF-8"?>
<testsuite name="ynzmz.server.vote.review.lecture.controller.LectureReviewVoteControllerTest" tests="4" skipped="0" failures="0" errors="0" timestamp="2023-03-16T06:34:25" hostname="gimminhoui-MacBookPro.local" time="0.032">
  <properties/>
  <testcase name="리뷰 댓글 추천 UP 테스트" classname="ynzmz.server.vote.review.lecture.controller.LectureReviewVoteControllerTest" time="0.008"/>
  <testcase name="강의 리뷰글 추천 DOWN 테스트" classname="ynzmz.server.vote.review.lecture.controller.LectureReviewVoteControllerTest" time="0.01"/>
  <testcase name="강의 리뷰글 추천 UP 테스트" classname="ynzmz.server.vote.review.lecture.controller.LectureReviewVoteControllerTest" time="0.006"/>
  <testcase name="리뷰 댓글 추천 DOWN 테스트" classname="ynzmz.server.vote.review.lecture.controller.LectureReviewVoteControllerTest" time="0.006"/>
  <system-out><![CDATA[2023-03-16 15:34:25.426  INFO 15988 --- [    Test worker] .b.t.a.w.s.WebMvcTestContextBootstrapper : Neither @ContextConfiguration nor @ContextHierarchy found for test class [ynzmz.server.vote.review.lecture.controller.LectureReviewVoteControllerTest], using SpringBootContextLoader
2023-03-16 15:34:25.426  INFO 15988 --- [    Test worker] o.s.t.c.support.AbstractContextLoader    : Could not detect default resource locations for test class [ynzmz.server.vote.review.lecture.controller.LectureReviewVoteControllerTest]: no resource found for suffixes {-context.xml, Context.groovy}.
2023-03-16 15:34:25.426  INFO 15988 --- [    Test worker] t.c.s.AnnotationConfigContextLoaderUtils : Could not detect default configuration classes for test class [ynzmz.server.vote.review.lecture.controller.LectureReviewVoteControllerTest]: LectureReviewVoteControllerTest does not declare any static, non-private, non-final, nested classes annotated with @Configuration.
2023-03-16 15:34:25.430  INFO 15988 --- [    Test worker] .b.t.c.SpringBootTestContextBootstrapper : Found @SpringBootConfiguration ynzmz.server.ServerApplication for test class ynzmz.server.vote.review.lecture.controller.LectureReviewVoteControllerTest
2023-03-16 15:34:25.430  INFO 15988 --- [    Test worker] .b.t.a.w.s.WebMvcTestContextBootstrapper : Loaded default TestExecutionListener class names from location [META-INF/spring.factories]: [org.springframework.security.test.context.support.WithSecurityContextTestExecutionListener, org.springframework.security.test.context.support.ReactorContextTestExecutionListener, org.springframework.boot.test.autoconfigure.restdocs.RestDocsTestExecutionListener, org.springframework.boot.test.autoconfigure.web.client.MockRestServiceServerResetTestExecutionListener, org.springframework.boot.test.autoconfigure.web.servlet.MockMvcPrintOnlyOnFailureTestExecutionListener, org.springframework.boot.test.autoconfigure.web.servlet.WebDriverTestExecutionListener, org.springframework.boot.test.autoconfigure.webservices.client.MockWebServiceServerTestExecutionListener, org.springframework.boot.test.mock.mockito.MockitoTestExecutionListener, org.springframework.boot.test.mock.mockito.ResetMocksTestExecutionListener, org.springframework.test.context.web.ServletTestExecutionListener, org.springframework.test.context.support.DirtiesContextBeforeModesTestExecutionListener, org.springframework.test.context.event.ApplicationEventsTestExecutionListener, org.springframework.test.context.support.DependencyInjectionTestExecutionListener, org.springframework.test.context.support.DirtiesContextTestExecutionListener, org.springframework.test.context.transaction.TransactionalTestExecutionListener, org.springframework.test.context.jdbc.SqlScriptsTestExecutionListener, org.springframework.test.context.event.EventPublishingTestExecutionListener]
2023-03-16 15:34:25.431  INFO 15988 --- [    Test worker] .b.t.a.w.s.WebMvcTestContextBootstrapper : Using TestExecutionListeners: [org.springframework.test.context.web.ServletTestExecutionListener@35cf5d9, org.springframework.test.context.support.DirtiesContextBeforeModesTestExecutionListener@58030528, org.springframework.test.context.event.ApplicationEventsTestExecutionListener@c39ebcf, org.springframework.boot.test.mock.mockito.MockitoTestExecutionListener@7ff167c4, org.springframework.boot.test.autoconfigure.SpringBootDependencyInjectionTestExecutionListener@1be7b7de, org.springframework.test.context.support.DirtiesContextTestExecutionListener@5b0ddbcf, org.springframework.test.context.transaction.TransactionalTestExecutionListener@182934f2, org.springframework.test.context.jdbc.SqlScriptsTestExecutionListener@6c92af74, org.springframework.security.test.context.support.WithSecurityContextTestExecutionListener@4aedac7f, org.springframework.test.context.event.EventPublishingTestExecutionListener@7f8bc54e, org.springframework.security.test.context.support.ReactorContextTestExecutionListener@2ed4e0e9, org.springframework.boot.test.autoconfigure.restdocs.RestDocsTestExecutionListener@57441348, org.springframework.boot.test.autoconfigure.web.client.MockRestServiceServerResetTestExecutionListener@706dd38b, org.springframework.boot.test.autoconfigure.web.servlet.MockMvcPrintOnlyOnFailureTestExecutionListener@51edc97d, org.springframework.boot.test.autoconfigure.web.servlet.WebDriverTestExecutionListener@5837b801, org.springframework.boot.test.autoconfigure.webservices.client.MockWebServiceServerTestExecutionListener@2f1e3e1c, org.springframework.boot.test.mock.mockito.ResetMocksTestExecutionListener@31f151ff]

  .   ____          _            __ _ _
 /\\ / ___'_ __ _ _(_)_ __  __ _ \ \ \ \
( ( )\___ | '_ | '_| | '_ \/ _` | \ \ \ \
 \\/  ___)| |_)| | | | | || (_| |  ) ) ) )
  '  |____| .__|_| |_|_| |_\__, | / / / /
 =========|_|==============|___/=/_/_/_/
 :: Spring Boot ::                (v2.7.9)

2023-03-16 15:34:25.443  INFO 15988 --- [    Test worker] .v.r.l.c.LectureReviewVoteControllerTest : Starting LectureReviewVoteControllerTest using Java 11.0.17 on gimminhoui-MacBookPro.local with PID 15988 (started by mino in /Users/mino/codestates/seb42_main_027/server)
2023-03-16 15:34:25.443  INFO 15988 --- [    Test worker] .v.r.l.c.LectureReviewVoteControllerTest : The following 1 profile is active: "server"
2023-03-16 15:34:25.615  WARN 15988 --- [    Test worker] .s.s.UserDetailsServiceAutoConfiguration : 

Using generated security password: bff68def-c972-4e68-a306-1dfd909eb004

This generated password is for development use only. Your security configuration must be updated before running your application in production.

2023-03-16 15:34:25.632  INFO 15988 --- [    Test worker] o.s.s.web.DefaultSecurityFilterChain     : Will secure any request with [org.springframework.security.web.session.DisableEncodeUrlFilter@6ad11552, org.springframework.security.web.context.request.async.WebAsyncManagerIntegrationFilter@6626ae40, org.springframework.security.web.context.SecurityContextPersistenceFilter@150f3678, org.springframework.security.web.header.HeaderWriterFilter@206421da, org.springframework.security.web.authentication.logout.LogoutFilter@3b5b6df4, org.springframework.security.web.savedrequest.RequestCacheAwareFilter@12387c79, org.springframework.security.web.servletapi.SecurityContextHolderAwareRequestFilter@1353f515, org.springframework.security.web.authentication.AnonymousAuthenticationFilter@684f20ea, org.springframework.security.web.session.SessionManagementFilter@aa9c6b2, org.springframework.security.web.access.ExceptionTranslationFilter@367628c8]
2023-03-16 15:34:25.648  INFO 15988 --- [    Test worker] o.s.b.t.m.w.SpringBootMockServletContext : Initializing Spring TestDispatcherServlet ''
2023-03-16 15:34:25.648  INFO 15988 --- [    Test worker] o.s.t.web.servlet.TestDispatcherServlet  : Initializing Servlet ''
2023-03-16 15:34:25.648  INFO 15988 --- [    Test worker] o.s.t.web.servlet.TestDispatcherServlet  : Completed initialization in 0 ms
2023-03-16 15:34:25.653  INFO 15988 --- [    Test worker] .v.r.l.c.LectureReviewVoteControllerTest : Started LectureReviewVoteControllerTest in 0.22 seconds (JVM running for 6.987)
]]></system-out>
  <system-err><![CDATA[]]></system-err>
</testsuite>
