<?xml version="1.0" encoding="UTF-8"?>
<testsuite name="ynzmz.server.review.lecture.controller.LectureReviewControllerTest" tests="4" skipped="0" failures="0" errors="0" timestamp="2023-03-16T06:34:25" hostname="gimminhoui-MacBookPro.local" time="0.051">
  <properties/>
  <testcase name="리뷰글 삭제 테스트" classname="ynzmz.server.review.lecture.controller.LectureReviewControllerTest" time="0.006"/>
  <testcase name="강의 리뷰 등록 테스트" classname="ynzmz.server.review.lecture.controller.LectureReviewControllerTest" time="0.013"/>
  <testcase name="강의 리뷰 수정 테스트" classname="ynzmz.server.review.lecture.controller.LectureReviewControllerTest" time="0.012"/>
  <testcase name="리뷰글 상세 조회 테스트" classname="ynzmz.server.review.lecture.controller.LectureReviewControllerTest" time="0.016"/>
  <system-out><![CDATA[2023-03-16 15:34:24.794  INFO 15988 --- [    Test worker] .b.t.a.w.s.WebMvcTestContextBootstrapper : Neither @ContextConfiguration nor @ContextHierarchy found for test class [ynzmz.server.review.lecture.controller.LectureReviewControllerTest], using SpringBootContextLoader
2023-03-16 15:34:24.795  INFO 15988 --- [    Test worker] o.s.t.c.support.AbstractContextLoader    : Could not detect default resource locations for test class [ynzmz.server.review.lecture.controller.LectureReviewControllerTest]: no resource found for suffixes {-context.xml, Context.groovy}.
2023-03-16 15:34:24.795  INFO 15988 --- [    Test worker] t.c.s.AnnotationConfigContextLoaderUtils : Could not detect default configuration classes for test class [ynzmz.server.review.lecture.controller.LectureReviewControllerTest]: LectureReviewControllerTest does not declare any static, non-private, non-final, nested classes annotated with @Configuration.
2023-03-16 15:34:24.797  INFO 15988 --- [    Test worker] .b.t.c.SpringBootTestContextBootstrapper : Found @SpringBootConfiguration ynzmz.server.ServerApplication for test class ynzmz.server.review.lecture.controller.LectureReviewControllerTest
2023-03-16 15:34:24.798  INFO 15988 --- [    Test worker] .b.t.a.w.s.WebMvcTestContextBootstrapper : Loaded default TestExecutionListener class names from location [META-INF/spring.factories]: [org.springframework.security.test.context.support.WithSecurityContextTestExecutionListener, org.springframework.security.test.context.support.ReactorContextTestExecutionListener, org.springframework.boot.test.autoconfigure.restdocs.RestDocsTestExecutionListener, org.springframework.boot.test.autoconfigure.web.client.MockRestServiceServerResetTestExecutionListener, org.springframework.boot.test.autoconfigure.web.servlet.MockMvcPrintOnlyOnFailureTestExecutionListener, org.springframework.boot.test.autoconfigure.web.servlet.WebDriverTestExecutionListener, org.springframework.boot.test.autoconfigure.webservices.client.MockWebServiceServerTestExecutionListener, org.springframework.boot.test.mock.mockito.MockitoTestExecutionListener, org.springframework.boot.test.mock.mockito.ResetMocksTestExecutionListener, org.springframework.test.context.web.ServletTestExecutionListener, org.springframework.test.context.support.DirtiesContextBeforeModesTestExecutionListener, org.springframework.test.context.event.ApplicationEventsTestExecutionListener, org.springframework.test.context.support.DependencyInjectionTestExecutionListener, org.springframework.test.context.support.DirtiesContextTestExecutionListener, org.springframework.test.context.transaction.TransactionalTestExecutionListener, org.springframework.test.context.jdbc.SqlScriptsTestExecutionListener, org.springframework.test.context.event.EventPublishingTestExecutionListener]
2023-03-16 15:34:24.798  INFO 15988 --- [    Test worker] .b.t.a.w.s.WebMvcTestContextBootstrapper : Using TestExecutionListeners: [org.springframework.test.context.web.ServletTestExecutionListener@23c6556b, org.springframework.test.context.support.DirtiesContextBeforeModesTestExecutionListener@631990cc, org.springframework.test.context.event.ApplicationEventsTestExecutionListener@222e4377, org.springframework.boot.test.mock.mockito.MockitoTestExecutionListener@3310bb28, org.springframework.boot.test.autoconfigure.SpringBootDependencyInjectionTestExecutionListener@22eccd2c, org.springframework.test.context.support.DirtiesContextTestExecutionListener@ddca64d, org.springframework.test.context.transaction.TransactionalTestExecutionListener@5d39797a, org.springframework.test.context.jdbc.SqlScriptsTestExecutionListener@6bc6400e, org.springframework.security.test.context.support.WithSecurityContextTestExecutionListener@2f0765f7, org.springframework.test.context.event.EventPublishingTestExecutionListener@47814094, org.springframework.security.test.context.support.ReactorContextTestExecutionListener@51e513b7, org.springframework.boot.test.autoconfigure.restdocs.RestDocsTestExecutionListener@87affb5, org.springframework.boot.test.autoconfigure.web.client.MockRestServiceServerResetTestExecutionListener@1c461b90, org.springframework.boot.test.autoconfigure.web.servlet.MockMvcPrintOnlyOnFailureTestExecutionListener@518e6d6c, org.springframework.boot.test.autoconfigure.web.servlet.WebDriverTestExecutionListener@280fa441, org.springframework.boot.test.autoconfigure.webservices.client.MockWebServiceServerTestExecutionListener@77d771a2, org.springframework.boot.test.mock.mockito.ResetMocksTestExecutionListener@5be17e53]

  .   ____          _            __ _ _
 /\\ / ___'_ __ _ _(_)_ __  __ _ \ \ \ \
( ( )\___ | '_ | '_| | '_ \/ _` | \ \ \ \
 \\/  ___)| |_)| | | | | || (_| |  ) ) ) )
  '  |____| .__|_| |_|_| |_\__, | / / / /
 =========|_|==============|___/=/_/_/_/
 :: Spring Boot ::                (v2.7.9)

2023-03-16 15:34:24.811  INFO 15988 --- [    Test worker] y.s.r.l.c.LectureReviewControllerTest    : Starting LectureReviewControllerTest using Java 11.0.17 on gimminhoui-MacBookPro.local with PID 15988 (started by mino in /Users/mino/codestates/seb42_main_027/server)
2023-03-16 15:34:24.812  INFO 15988 --- [    Test worker] y.s.r.l.c.LectureReviewControllerTest    : The following 1 profile is active: "server"
2023-03-16 15:34:24.991  WARN 15988 --- [    Test worker] .s.s.UserDetailsServiceAutoConfiguration : 

Using generated security password: 5cc7cb22-aeac-4de3-a593-82a81cc92c8f

This generated password is for development use only. Your security configuration must be updated before running your application in production.

2023-03-16 15:34:25.006  INFO 15988 --- [    Test worker] o.s.s.web.DefaultSecurityFilterChain     : Will secure any request with [org.springframework.security.web.session.DisableEncodeUrlFilter@45db8ba6, org.springframework.security.web.context.request.async.WebAsyncManagerIntegrationFilter@6c826924, org.springframework.security.web.context.SecurityContextPersistenceFilter@3db2388e, org.springframework.security.web.header.HeaderWriterFilter@2bbc6496, org.springframework.security.web.authentication.logout.LogoutFilter@26b3eb48, org.springframework.security.web.savedrequest.RequestCacheAwareFilter@493557d7, org.springframework.security.web.servletapi.SecurityContextHolderAwareRequestFilter@1e512b3, org.springframework.security.web.authentication.AnonymousAuthenticationFilter@2809e7ab, org.springframework.security.web.session.SessionManagementFilter@52cb399d, org.springframework.security.web.access.ExceptionTranslationFilter@35283b74]
2023-03-16 15:34:25.022  INFO 15988 --- [    Test worker] o.s.b.t.m.w.SpringBootMockServletContext : Initializing Spring TestDispatcherServlet ''
2023-03-16 15:34:25.022  INFO 15988 --- [    Test worker] o.s.t.web.servlet.TestDispatcherServlet  : Initializing Servlet ''
2023-03-16 15:34:25.022  INFO 15988 --- [    Test worker] o.s.t.web.servlet.TestDispatcherServlet  : Completed initialization in 0 ms
2023-03-16 15:34:25.027  INFO 15988 --- [    Test worker] y.s.r.l.c.LectureReviewControllerTest    : Started LectureReviewControllerTest in 0.227 seconds (JVM running for 6.361)
]]></system-out>
  <system-err><![CDATA[]]></system-err>
</testsuite>
