<?xml version="1.0" encoding="UTF-8"?>
<testsuite name="ynzmz.server.lecture.controller.LectureControllerTest" tests="5" skipped="0" failures="0" errors="0" timestamp="2023-03-16T06:34:24" hostname="gimminhoui-MacBookPro.local" time="0.083">
  <properties/>
  <testcase name="강의 상세 조회 테스트" classname="ynzmz.server.lecture.controller.LectureControllerTest" time="0.033"/>
  <testcase name="강의 삭제 테스트" classname="ynzmz.server.lecture.controller.LectureControllerTest" time="0.005"/>
  <testcase name="강의 등록 테스트" classname="ynzmz.server.lecture.controller.LectureControllerTest" time="0.012"/>
  <testcase name="강의 전체 조회 테스트" classname="ynzmz.server.lecture.controller.LectureControllerTest" time="0.021"/>
  <testcase name="강사 정보 수정 테스트" classname="ynzmz.server.lecture.controller.LectureControllerTest" time="0.009"/>
  <system-out><![CDATA[2023-03-16 15:34:24.406  INFO 15988 --- [    Test worker] .b.t.a.w.s.WebMvcTestContextBootstrapper : Neither @ContextConfiguration nor @ContextHierarchy found for test class [ynzmz.server.lecture.controller.LectureControllerTest], using SpringBootContextLoader
2023-03-16 15:34:24.406  INFO 15988 --- [    Test worker] o.s.t.c.support.AbstractContextLoader    : Could not detect default resource locations for test class [ynzmz.server.lecture.controller.LectureControllerTest]: no resource found for suffixes {-context.xml, Context.groovy}.
2023-03-16 15:34:24.406  INFO 15988 --- [    Test worker] t.c.s.AnnotationConfigContextLoaderUtils : Could not detect default configuration classes for test class [ynzmz.server.lecture.controller.LectureControllerTest]: LectureControllerTest does not declare any static, non-private, non-final, nested classes annotated with @Configuration.
2023-03-16 15:34:24.410  INFO 15988 --- [    Test worker] .b.t.c.SpringBootTestContextBootstrapper : Found @SpringBootConfiguration ynzmz.server.ServerApplication for test class ynzmz.server.lecture.controller.LectureControllerTest
2023-03-16 15:34:24.410  INFO 15988 --- [    Test worker] .b.t.a.w.s.WebMvcTestContextBootstrapper : Loaded default TestExecutionListener class names from location [META-INF/spring.factories]: [org.springframework.security.test.context.support.WithSecurityContextTestExecutionListener, org.springframework.security.test.context.support.ReactorContextTestExecutionListener, org.springframework.boot.test.autoconfigure.restdocs.RestDocsTestExecutionListener, org.springframework.boot.test.autoconfigure.web.client.MockRestServiceServerResetTestExecutionListener, org.springframework.boot.test.autoconfigure.web.servlet.MockMvcPrintOnlyOnFailureTestExecutionListener, org.springframework.boot.test.autoconfigure.web.servlet.WebDriverTestExecutionListener, org.springframework.boot.test.autoconfigure.webservices.client.MockWebServiceServerTestExecutionListener, org.springframework.boot.test.mock.mockito.MockitoTestExecutionListener, org.springframework.boot.test.mock.mockito.ResetMocksTestExecutionListener, org.springframework.test.context.web.ServletTestExecutionListener, org.springframework.test.context.support.DirtiesContextBeforeModesTestExecutionListener, org.springframework.test.context.event.ApplicationEventsTestExecutionListener, org.springframework.test.context.support.DependencyInjectionTestExecutionListener, org.springframework.test.context.support.DirtiesContextTestExecutionListener, org.springframework.test.context.transaction.TransactionalTestExecutionListener, org.springframework.test.context.jdbc.SqlScriptsTestExecutionListener, org.springframework.test.context.event.EventPublishingTestExecutionListener]
2023-03-16 15:34:24.410  INFO 15988 --- [    Test worker] .b.t.a.w.s.WebMvcTestContextBootstrapper : Using TestExecutionListeners: [org.springframework.test.context.web.ServletTestExecutionListener@2cef4321, org.springframework.test.context.support.DirtiesContextBeforeModesTestExecutionListener@29c471f6, org.springframework.test.context.event.ApplicationEventsTestExecutionListener@6859f102, org.springframework.boot.test.mock.mockito.MockitoTestExecutionListener@424769f2, org.springframework.boot.test.autoconfigure.SpringBootDependencyInjectionTestExecutionListener@1467dcd0, org.springframework.test.context.support.DirtiesContextTestExecutionListener@1ea6446b, org.springframework.test.context.transaction.TransactionalTestExecutionListener@39d0775c, org.springframework.test.context.jdbc.SqlScriptsTestExecutionListener@40a1916d, org.springframework.security.test.context.support.WithSecurityContextTestExecutionListener@6a8a54f5, org.springframework.test.context.event.EventPublishingTestExecutionListener@4623c0d3, org.springframework.security.test.context.support.ReactorContextTestExecutionListener@7c7335dc, org.springframework.boot.test.autoconfigure.restdocs.RestDocsTestExecutionListener@3095e9c6, org.springframework.boot.test.autoconfigure.web.client.MockRestServiceServerResetTestExecutionListener@8802edd, org.springframework.boot.test.autoconfigure.web.servlet.MockMvcPrintOnlyOnFailureTestExecutionListener@50fd4246, org.springframework.boot.test.autoconfigure.web.servlet.WebDriverTestExecutionListener@35c55050, org.springframework.boot.test.autoconfigure.webservices.client.MockWebServiceServerTestExecutionListener@2a0154f7, org.springframework.boot.test.mock.mockito.ResetMocksTestExecutionListener@237e61ac]

  .   ____          _            __ _ _
 /\\ / ___'_ __ _ _(_)_ __  __ _ \ \ \ \
( ( )\___ | '_ | '_| | '_ \/ _` | \ \ \ \
 \\/  ___)| |_)| | | | | || (_| |  ) ) ) )
  '  |____| .__|_| |_|_| |_\__, | / / / /
 =========|_|==============|___/=/_/_/_/
 :: Spring Boot ::                (v2.7.9)

2023-03-16 15:34:24.422  INFO 15988 --- [    Test worker] y.s.l.controller.LectureControllerTest   : Starting LectureControllerTest using Java 11.0.17 on gimminhoui-MacBookPro.local with PID 15988 (started by mino in /Users/mino/codestates/seb42_main_027/server)
2023-03-16 15:34:24.422  INFO 15988 --- [    Test worker] y.s.l.controller.LectureControllerTest   : The following 1 profile is active: "server"
2023-03-16 15:34:24.665  WARN 15988 --- [    Test worker] .s.s.UserDetailsServiceAutoConfiguration : 

Using generated security password: 133fe8ed-9e5d-438c-be5c-7e9eb1a4724a

This generated password is for development use only. Your security configuration must be updated before running your application in production.

2023-03-16 15:34:24.683  INFO 15988 --- [    Test worker] o.s.s.web.DefaultSecurityFilterChain     : Will secure any request with [org.springframework.security.web.session.DisableEncodeUrlFilter@1a48f55b, org.springframework.security.web.context.request.async.WebAsyncManagerIntegrationFilter@7c8c6922, org.springframework.security.web.context.SecurityContextPersistenceFilter@65cd37bb, org.springframework.security.web.header.HeaderWriterFilter@1fd2f96d, org.springframework.security.web.authentication.logout.LogoutFilter@14fe2e62, org.springframework.security.web.savedrequest.RequestCacheAwareFilter@22f79c09, org.springframework.security.web.servletapi.SecurityContextHolderAwareRequestFilter@108ed58d, org.springframework.security.web.authentication.AnonymousAuthenticationFilter@4a9fdffe, org.springframework.security.web.session.SessionManagementFilter@12d49ede, org.springframework.security.web.access.ExceptionTranslationFilter@196bc2c1]
2023-03-16 15:34:24.702  INFO 15988 --- [    Test worker] o.s.b.t.m.w.SpringBootMockServletContext : Initializing Spring TestDispatcherServlet ''
2023-03-16 15:34:24.702  INFO 15988 --- [    Test worker] o.s.t.web.servlet.TestDispatcherServlet  : Initializing Servlet ''
2023-03-16 15:34:24.703  INFO 15988 --- [    Test worker] o.s.t.web.servlet.TestDispatcherServlet  : Completed initialization in 1 ms
2023-03-16 15:34:24.708  INFO 15988 --- [    Test worker] y.s.l.controller.LectureControllerTest   : Started LectureControllerTest in 0.296 seconds (JVM running for 6.042)
]]></system-out>
  <system-err><![CDATA[]]></system-err>
</testsuite>
