<?xml version="1.0" encoding="UTF-8"?>
<testsuite name="ynzmz.server.vote.review.lecture.controller.LectureReviewVoteControllerTest" tests="4" skipped="0" failures="0" errors="0" timestamp="2023-03-17T02:54:08" hostname="gimminhoui-MacBookPro.local" time="0.028">
  <properties/>
  <testcase name="리뷰 댓글 추천 UP 테스트" classname="ynzmz.server.vote.review.lecture.controller.LectureReviewVoteControllerTest" time="0.008"/>
  <testcase name="강의 리뷰글 추천 DOWN 테스트" classname="ynzmz.server.vote.review.lecture.controller.LectureReviewVoteControllerTest" time="0.006"/>
  <testcase name="강의 리뷰글 추천 UP 테스트" classname="ynzmz.server.vote.review.lecture.controller.LectureReviewVoteControllerTest" time="0.005"/>
  <testcase name="리뷰 댓글 추천 DOWN 테스트" classname="ynzmz.server.vote.review.lecture.controller.LectureReviewVoteControllerTest" time="0.006"/>
  <system-out><![CDATA[2023-03-17 11:54:08.440  INFO 10172 --- [    Test worker] .b.t.a.w.s.WebMvcTestContextBootstrapper : Neither @ContextConfiguration nor @ContextHierarchy found for test class [ynzmz.server.vote.review.lecture.controller.LectureReviewVoteControllerTest], using SpringBootContextLoader
2023-03-17 11:54:08.440  INFO 10172 --- [    Test worker] o.s.t.c.support.AbstractContextLoader    : Could not detect default resource locations for test class [ynzmz.server.vote.review.lecture.controller.LectureReviewVoteControllerTest]: no resource found for suffixes {-context.xml, Context.groovy}.
2023-03-17 11:54:08.440  INFO 10172 --- [    Test worker] t.c.s.AnnotationConfigContextLoaderUtils : Could not detect default configuration classes for test class [ynzmz.server.vote.review.lecture.controller.LectureReviewVoteControllerTest]: LectureReviewVoteControllerTest does not declare any static, non-private, non-final, nested classes annotated with @Configuration.
2023-03-17 11:54:08.443  INFO 10172 --- [    Test worker] .b.t.c.SpringBootTestContextBootstrapper : Found @SpringBootConfiguration ynzmz.server.ServerApplication for test class ynzmz.server.vote.review.lecture.controller.LectureReviewVoteControllerTest
2023-03-17 11:54:08.444  INFO 10172 --- [    Test worker] .b.t.a.w.s.WebMvcTestContextBootstrapper : Loaded default TestExecutionListener class names from location [META-INF/spring.factories]: [org.springframework.security.test.context.support.WithSecurityContextTestExecutionListener, org.springframework.security.test.context.support.ReactorContextTestExecutionListener, org.springframework.boot.test.autoconfigure.restdocs.RestDocsTestExecutionListener, org.springframework.boot.test.autoconfigure.web.client.MockRestServiceServerResetTestExecutionListener, org.springframework.boot.test.autoconfigure.web.servlet.MockMvcPrintOnlyOnFailureTestExecutionListener, org.springframework.boot.test.autoconfigure.web.servlet.WebDriverTestExecutionListener, org.springframework.boot.test.autoconfigure.webservices.client.MockWebServiceServerTestExecutionListener, org.springframework.boot.test.mock.mockito.MockitoTestExecutionListener, org.springframework.boot.test.mock.mockito.ResetMocksTestExecutionListener, org.springframework.test.context.web.ServletTestExecutionListener, org.springframework.test.context.support.DirtiesContextBeforeModesTestExecutionListener, org.springframework.test.context.event.ApplicationEventsTestExecutionListener, org.springframework.test.context.support.DependencyInjectionTestExecutionListener, org.springframework.test.context.support.DirtiesContextTestExecutionListener, org.springframework.test.context.transaction.TransactionalTestExecutionListener, org.springframework.test.context.jdbc.SqlScriptsTestExecutionListener, org.springframework.test.context.event.EventPublishingTestExecutionListener]
2023-03-17 11:54:08.444  INFO 10172 --- [    Test worker] .b.t.a.w.s.WebMvcTestContextBootstrapper : Using TestExecutionListeners: [org.springframework.test.context.web.ServletTestExecutionListener@61736817, org.springframework.test.context.support.DirtiesContextBeforeModesTestExecutionListener@194ef183, org.springframework.test.context.event.ApplicationEventsTestExecutionListener@71f01211, org.springframework.boot.test.mock.mockito.MockitoTestExecutionListener@5fd81b2c, org.springframework.boot.test.autoconfigure.SpringBootDependencyInjectionTestExecutionListener@2591f310, org.springframework.test.context.support.DirtiesContextTestExecutionListener@4bbddcc8, org.springframework.test.context.transaction.TransactionalTestExecutionListener@3aac3f34, org.springframework.test.context.jdbc.SqlScriptsTestExecutionListener@25325236, org.springframework.security.test.context.support.WithSecurityContextTestExecutionListener@f912cf3, org.springframework.test.context.event.EventPublishingTestExecutionListener@2aeffa55, org.springframework.security.test.context.support.ReactorContextTestExecutionListener@716125a3, org.springframework.boot.test.autoconfigure.restdocs.RestDocsTestExecutionListener@46756a5b, org.springframework.boot.test.autoconfigure.web.client.MockRestServiceServerResetTestExecutionListener@408530d2, org.springframework.boot.test.autoconfigure.web.servlet.MockMvcPrintOnlyOnFailureTestExecutionListener@156d47c5, org.springframework.boot.test.autoconfigure.web.servlet.WebDriverTestExecutionListener@6d5934f6, org.springframework.boot.test.autoconfigure.webservices.client.MockWebServiceServerTestExecutionListener@13acb4, org.springframework.boot.test.mock.mockito.ResetMocksTestExecutionListener@69f90fc4]

  .   ____          _            __ _ _
 /\\ / ___'_ __ _ _(_)_ __  __ _ \ \ \ \
( ( )\___ | '_ | '_| | '_ \/ _` | \ \ \ \
 \\/  ___)| |_)| | | | | || (_| |  ) ) ) )
  '  |____| .__|_| |_|_| |_\__, | / / / /
 =========|_|==============|___/=/_/_/_/
 :: Spring Boot ::                (v2.7.9)

2023-03-17 11:54:08.453  INFO 10172 --- [    Test worker] .v.r.l.c.LectureReviewVoteControllerTest : Starting LectureReviewVoteControllerTest using Java 11.0.17 on gimminhoui-MacBookPro.local with PID 10172 (started by mino in /Users/mino/codestates/seb42_main_027/server)
2023-03-17 11:54:08.453  INFO 10172 --- [    Test worker] .v.r.l.c.LectureReviewVoteControllerTest : The following 1 profile is active: "server"
2023-03-17 11:54:08.619  WARN 10172 --- [    Test worker] .s.s.UserDetailsServiceAutoConfiguration : 

Using generated security password: 674f09de-062b-4430-aa90-a18b9860031d

This generated password is for development use only. Your security configuration must be updated before running your application in production.

2023-03-17 11:54:08.634  INFO 10172 --- [    Test worker] o.s.s.web.DefaultSecurityFilterChain     : Will secure any request with [org.springframework.security.web.session.DisableEncodeUrlFilter@7f05d2bf, org.springframework.security.web.context.request.async.WebAsyncManagerIntegrationFilter@196e494d, org.springframework.security.web.context.SecurityContextPersistenceFilter@69f564ab, org.springframework.security.web.header.HeaderWriterFilter@16e17e6b, org.springframework.security.web.authentication.logout.LogoutFilter@7d726fa1, org.springframework.security.web.savedrequest.RequestCacheAwareFilter@550afff7, org.springframework.security.web.servletapi.SecurityContextHolderAwareRequestFilter@4805d11b, org.springframework.security.web.authentication.AnonymousAuthenticationFilter@2213c8fe, org.springframework.security.web.session.SessionManagementFilter@46a6368f, org.springframework.security.web.access.ExceptionTranslationFilter@4f2e6db7]
2023-03-17 11:54:08.648  INFO 10172 --- [    Test worker] o.s.b.t.m.w.SpringBootMockServletContext : Initializing Spring TestDispatcherServlet ''
2023-03-17 11:54:08.648  INFO 10172 --- [    Test worker] o.s.t.web.servlet.TestDispatcherServlet  : Initializing Servlet ''
2023-03-17 11:54:08.649  INFO 10172 --- [    Test worker] o.s.t.web.servlet.TestDispatcherServlet  : Completed initialization in 1 ms
2023-03-17 11:54:08.652  INFO 10172 --- [    Test worker] .v.r.l.c.LectureReviewVoteControllerTest : Started LectureReviewVoteControllerTest in 0.207 seconds (JVM running for 7.211)
]]></system-out>
  <system-err><![CDATA[]]></system-err>
</testsuite>
