<?xml version="1.0" encoding="UTF-8"?>
<testsuite name="ynzmz.server.teacher.controller.TeacherControllerTest" tests="6" skipped="0" failures="0" errors="0" timestamp="2023-03-16T06:34:25" hostname="gimminhoui-MacBookPro.local" time="0.108">
  <properties/>
  <testcase name="강사 전체 조회" classname="ynzmz.server.teacher.controller.TeacherControllerTest" time="0.023"/>
  <testcase name="강사 삭제" classname="ynzmz.server.teacher.controller.TeacherControllerTest" time="0.005"/>
  <testcase name="강사 등록 테스트" classname="ynzmz.server.teacher.controller.TeacherControllerTest" time="0.01"/>
  <testcase name="강사 디테일 페이지 조회" classname="ynzmz.server.teacher.controller.TeacherControllerTest" time="0.017"/>
  <testcase name="강사 정보 수정 테스트" classname="ynzmz.server.teacher.controller.TeacherControllerTest" time="0.009"/>
  <testcase name="강사 리뷰 디테일 페이지 조회" classname="ynzmz.server.teacher.controller.TeacherControllerTest" time="0.042"/>
  <system-out><![CDATA[2023-03-16 15:34:25.081  INFO 15988 --- [    Test worker] .b.t.a.w.s.WebMvcTestContextBootstrapper : Neither @ContextConfiguration nor @ContextHierarchy found for test class [ynzmz.server.teacher.controller.TeacherControllerTest], using SpringBootContextLoader
2023-03-16 15:34:25.082  INFO 15988 --- [    Test worker] o.s.t.c.support.AbstractContextLoader    : Could not detect default resource locations for test class [ynzmz.server.teacher.controller.TeacherControllerTest]: no resource found for suffixes {-context.xml, Context.groovy}.
2023-03-16 15:34:25.082  INFO 15988 --- [    Test worker] t.c.s.AnnotationConfigContextLoaderUtils : Could not detect default configuration classes for test class [ynzmz.server.teacher.controller.TeacherControllerTest]: TeacherControllerTest does not declare any static, non-private, non-final, nested classes annotated with @Configuration.
2023-03-16 15:34:25.084  INFO 15988 --- [    Test worker] .b.t.c.SpringBootTestContextBootstrapper : Found @SpringBootConfiguration ynzmz.server.ServerApplication for test class ynzmz.server.teacher.controller.TeacherControllerTest
2023-03-16 15:34:25.084  INFO 15988 --- [    Test worker] .b.t.a.w.s.WebMvcTestContextBootstrapper : Loaded default TestExecutionListener class names from location [META-INF/spring.factories]: [org.springframework.security.test.context.support.WithSecurityContextTestExecutionListener, org.springframework.security.test.context.support.ReactorContextTestExecutionListener, org.springframework.boot.test.autoconfigure.restdocs.RestDocsTestExecutionListener, org.springframework.boot.test.autoconfigure.web.client.MockRestServiceServerResetTestExecutionListener, org.springframework.boot.test.autoconfigure.web.servlet.MockMvcPrintOnlyOnFailureTestExecutionListener, org.springframework.boot.test.autoconfigure.web.servlet.WebDriverTestExecutionListener, org.springframework.boot.test.autoconfigure.webservices.client.MockWebServiceServerTestExecutionListener, org.springframework.boot.test.mock.mockito.MockitoTestExecutionListener, org.springframework.boot.test.mock.mockito.ResetMocksTestExecutionListener, org.springframework.test.context.web.ServletTestExecutionListener, org.springframework.test.context.support.DirtiesContextBeforeModesTestExecutionListener, org.springframework.test.context.event.ApplicationEventsTestExecutionListener, org.springframework.test.context.support.DependencyInjectionTestExecutionListener, org.springframework.test.context.support.DirtiesContextTestExecutionListener, org.springframework.test.context.transaction.TransactionalTestExecutionListener, org.springframework.test.context.jdbc.SqlScriptsTestExecutionListener, org.springframework.test.context.event.EventPublishingTestExecutionListener]
2023-03-16 15:34:25.084  INFO 15988 --- [    Test worker] .b.t.a.w.s.WebMvcTestContextBootstrapper : Using TestExecutionListeners: [org.springframework.test.context.web.ServletTestExecutionListener@78835956, org.springframework.test.context.support.DirtiesContextBeforeModesTestExecutionListener@38794a3, org.springframework.test.context.event.ApplicationEventsTestExecutionListener@5c00b341, org.springframework.boot.test.mock.mockito.MockitoTestExecutionListener@10658b31, org.springframework.boot.test.autoconfigure.SpringBootDependencyInjectionTestExecutionListener@72ce2982, org.springframework.test.context.support.DirtiesContextTestExecutionListener@4d5399f4, org.springframework.test.context.transaction.TransactionalTestExecutionListener@1490b1a4, org.springframework.test.context.jdbc.SqlScriptsTestExecutionListener@28908c04, org.springframework.security.test.context.support.WithSecurityContextTestExecutionListener@2b9132ad, org.springframework.test.context.event.EventPublishingTestExecutionListener@7adc8212, org.springframework.security.test.context.support.ReactorContextTestExecutionListener@6b50017c, org.springframework.boot.test.autoconfigure.restdocs.RestDocsTestExecutionListener@470c40be, org.springframework.boot.test.autoconfigure.web.client.MockRestServiceServerResetTestExecutionListener@652a16a8, org.springframework.boot.test.autoconfigure.web.servlet.MockMvcPrintOnlyOnFailureTestExecutionListener@7b78c40d, org.springframework.boot.test.autoconfigure.web.servlet.WebDriverTestExecutionListener@104861ff, org.springframework.boot.test.autoconfigure.webservices.client.MockWebServiceServerTestExecutionListener@3564caf8, org.springframework.boot.test.mock.mockito.ResetMocksTestExecutionListener@ce15aa]

  .   ____          _            __ _ _
 /\\ / ___'_ __ _ _(_)_ __  __ _ \ \ \ \
( ( )\___ | '_ | '_| | '_ \/ _` | \ \ \ \
 \\/  ___)| |_)| | | | | || (_| |  ) ) ) )
  '  |____| .__|_| |_|_| |_\__, | / / / /
 =========|_|==============|___/=/_/_/_/
 :: Spring Boot ::                (v2.7.9)

2023-03-16 15:34:25.094  INFO 15988 --- [    Test worker] y.s.t.controller.TeacherControllerTest   : Starting TeacherControllerTest using Java 11.0.17 on gimminhoui-MacBookPro.local with PID 15988 (started by mino in /Users/mino/codestates/seb42_main_027/server)
2023-03-16 15:34:25.094  INFO 15988 --- [    Test worker] y.s.t.controller.TeacherControllerTest   : The following 1 profile is active: "server"
2023-03-16 15:34:25.276  WARN 15988 --- [    Test worker] .s.s.UserDetailsServiceAutoConfiguration : 

Using generated security password: 75a1f2ea-e322-43f1-b21d-65cc314f4c0d

This generated password is for development use only. Your security configuration must be updated before running your application in production.

2023-03-16 15:34:25.292  INFO 15988 --- [    Test worker] o.s.s.web.DefaultSecurityFilterChain     : Will secure any request with [org.springframework.security.web.session.DisableEncodeUrlFilter@30c98124, org.springframework.security.web.context.request.async.WebAsyncManagerIntegrationFilter@47523643, org.springframework.security.web.context.SecurityContextPersistenceFilter@23243385, org.springframework.security.web.header.HeaderWriterFilter@7d7be366, org.springframework.security.web.authentication.logout.LogoutFilter@7065ae93, org.springframework.security.web.savedrequest.RequestCacheAwareFilter@5f83fdf6, org.springframework.security.web.servletapi.SecurityContextHolderAwareRequestFilter@7dc155b3, org.springframework.security.web.authentication.AnonymousAuthenticationFilter@4d9dd8cc, org.springframework.security.web.session.SessionManagementFilter@2095e085, org.springframework.security.web.access.ExceptionTranslationFilter@6153b116]
2023-03-16 15:34:25.310  INFO 15988 --- [    Test worker] o.s.b.t.m.w.SpringBootMockServletContext : Initializing Spring TestDispatcherServlet ''
2023-03-16 15:34:25.310  INFO 15988 --- [    Test worker] o.s.t.web.servlet.TestDispatcherServlet  : Initializing Servlet ''
2023-03-16 15:34:25.310  INFO 15988 --- [    Test worker] o.s.t.web.servlet.TestDispatcherServlet  : Completed initialization in 0 ms
2023-03-16 15:34:25.314  INFO 15988 --- [    Test worker] y.s.t.controller.TeacherControllerTest   : Started TeacherControllerTest in 0.229 seconds (JVM running for 6.649)
2023-03-16 15:34:25.349  INFO 15988 --- [    Test worker] y.s.t.controller.TeacherController       : [고1, 고2, 고3, 예비고1, 예비고2, 예비고3, 고1, 고2, 고3, 예비고1, 예비고2, 예비고3, 고1, 고2, 고3, 예비고1, 예비고2, 예비고3, 고1, 고2, 고3, 예비고1, 예비고2, 예비고3]
]]></system-out>
  <system-err><![CDATA[]]></system-err>
</testsuite>
